<?xml version="1.0" encoding="UTF-8"?>
<!-- Generated by org.testng.reporters.JUnitReportReporter -->
<testsuite skipped="0" hostname="Sachin-PC" name="browser.AmazonMultiBrowser" tests="1" failures="0" timestamp="06 Aug 2020 04:26:42 GMT" time="0.013" errors="0">
  <testcase name="test1" time="0.013" classname="browser.AmazonMultiBrowser"/>
</testsuite> <!-- browser.AmazonMultiBrowser -->
